<?xml version="1.0" encoding="UTF-8"?>
<testsuite xmlns:xsi="http://www.w3.org/2001/XMLSchema-instance" xsi:noNamespaceSchemaLocation="https://maven.apache.org/surefire/maven-surefire-plugin/xsd/surefire-test-report-3.0.xsd" version="3.0" name="software.cheeselooker.jmh_generated.IndexerTest_expandedIndexer_jmhTest" time="0.0" tests="0" errors="0" skipped="0" failures="0">
  <properties>
    <property name="java.specification.version" value="21"/>
    <property name="sun.cpu.isalist" value="amd64"/>
    <property name="sun.jnu.encoding" value="Cp1252"/>
    <property name="java.class.path" value="C:\Nueva carpeta (3)\bd\third_grupal_task\Stage3_grupal_task\indexer\target\test-classes;C:\Nueva carpeta (3)\bd\third_grupal_task\Stage3_grupal_task\indexer\target\classes;C:\Users\Nico\.m2\repository\org\openjdk\jmh\jmh-core\1.35\jmh-core-1.35.jar;C:\Users\Nico\.m2\repository\net\sf\jopt-simple\jopt-simple\5.0.4\jopt-simple-5.0.4.jar;C:\Users\Nico\.m2\repository\org\apache\commons\commons-math3\3.2\commons-math3-3.2.jar;C:\Users\Nico\.m2\repository\org\openjdk\jmh\jmh-generator-annprocess\1.35\jmh-generator-annprocess-1.35.jar;"/>
    <property name="java.vm.vendor" value="Oracle Corporation"/>
    <property name="sun.arch.data.model" value="64"/>
    <property name="user.variant" value=""/>
    <property name="java.vendor.url" value="https://java.oracle.com/"/>
    <property name="user.timezone" value="Atlantic/Canary"/>
    <property name="os.name" value="Windows 10"/>
    <property name="java.vm.specification.version" value="21"/>
    <property name="sun.java.launcher" value="SUN_STANDARD"/>
    <property name="user.country" value="ES"/>
    <property name="sun.boot.library.path" value="C:\Program Files\Java\jdk-21\bin"/>
    <property name="sun.java.command" value="C:\Users\Nico\AppData\Local\Temp\surefire6029815428896897268\surefirebooter-20241205154104556_3.jar C:\Users\Nico\AppData\Local\Temp\surefire6029815428896897268 2024-12-05T15-41-04_410-jvmRun1 surefire-20241205154104556_1tmp surefire_0-20241205154104556_2tmp"/>
    <property name="jdk.debug" value="release"/>
    <property name="surefire.test.class.path" value="C:\Nueva carpeta (3)\bd\third_grupal_task\Stage3_grupal_task\indexer\target\test-classes;C:\Nueva carpeta (3)\bd\third_grupal_task\Stage3_grupal_task\indexer\target\classes;C:\Users\Nico\.m2\repository\org\openjdk\jmh\jmh-core\1.35\jmh-core-1.35.jar;C:\Users\Nico\.m2\repository\net\sf\jopt-simple\jopt-simple\5.0.4\jopt-simple-5.0.4.jar;C:\Users\Nico\.m2\repository\org\apache\commons\commons-math3\3.2\commons-math3-3.2.jar;C:\Users\Nico\.m2\repository\org\openjdk\jmh\jmh-generator-annprocess\1.35\jmh-generator-annprocess-1.35.jar;"/>
    <property name="sun.cpu.endian" value="little"/>
    <property name="user.home" value="C:\Users\Nico"/>
    <property name="user.language" value="es"/>
    <property name="java.specification.vendor" value="Oracle Corporation"/>
    <property name="java.version.date" value="2023-10-17"/>
    <property name="java.home" value="C:\Program Files\Java\jdk-21"/>
    <property name="file.separator" value="\"/>
    <property name="basedir" value="C:\Nueva carpeta (3)\bd\third_grupal_task\Stage3_grupal_task\indexer"/>
    <property name="java.vm.compressedOopsMode" value="Zero based"/>
    <property name="line.separator" value="&#10;"/>
    <property name="java.vm.specification.vendor" value="Oracle Corporation"/>
    <property name="java.specification.name" value="Java Platform API Specification"/>
    <property name="surefire.real.class.path" value="C:\Users\Nico\AppData\Local\Temp\surefire6029815428896897268\surefirebooter-20241205154104556_3.jar"/>
    <property name="user.script" value=""/>
    <property name="sun.management.compiler" value="HotSpot 64-Bit Tiered Compilers"/>
    <property name="java.runtime.version" value="21.0.1+12-LTS-29"/>
    <property name="user.name" value="Nico"/>
    <property name="stdout.encoding" value="Cp1252"/>
    <property name="path.separator" value=";"/>
    <property name="os.version" value="10.0"/>
    <property name="java.runtime.name" value="Java(TM) SE Runtime Environment"/>
    <property name="file.encoding" value="UTF-8"/>
    <property name="java.vm.name" value="Java HotSpot(TM) 64-Bit Server VM"/>
    <property name="localRepository" value="C:\Users\Nico\.m2\repository"/>
    <property name="java.vendor.url.bug" value="https://bugreport.java.com/bugreport/"/>
    <property name="java.io.tmpdir" value="C:\Users\Nico\AppData\Local\Temp\"/>
    <property name="idea.version" value="2024.2.3"/>
    <property name="java.version" value="21.0.1"/>
    <property name="user.dir" value="C:\Nueva carpeta (3)\bd\third_grupal_task\Stage3_grupal_task\indexer"/>
    <property name="os.arch" value="amd64"/>
    <property name="java.vm.specification.name" value="Java Virtual Machine Specification"/>
    <property name="sun.os.patch.level" value=""/>
    <property name="native.encoding" value="Cp1252"/>
    <property name="java.library.path" value="C:\Program Files\Java\jdk-21\bin;C:\Windows\Sun\Java\bin;C:\Windows\system32;C:\Windows;C:\Windows\system32;C:\Windows;C:\Windows\System32\Wbem;C:\Windows\System32\WindowsPowerShell\v1.0\;C:\Windows\System32\OpenSSH\;C:\Program Files (x86)\NVIDIA Corporation\PhysX\Common;C:\Program Files\NVIDIA Corporation\NVIDIA NvDLISR;C:\Users\Nico\.afirma\AutoFirma\AutoFirma;C:\Users\Nico\Documents\Nueva carpeta\algebra y geometria\Nueva carpeta (2)\bin;C:\Program Files\Git\cmd;C:\Program Files\MATLAB\R2024b\bin;C:\Program Files\Java\jdk-21\bin;C:\maven\apache-maven-3.9.9\bin;;C:\Program Files\Docker\Docker\resources\bin;C:\Users\Nico\AppData\Local\Programs\Python\Python312\Scripts\;C:\Users\Nico\AppData\Local\Programs\Python\Python312\;C:\Users\Nico\AppData\Local\Programs\Python\Launcher\;C:\Users\Nico\AppData\Local\Microsoft\WindowsApps;C:\Users\Nico\AppData\Roaming\TinyTeX\bin\win32;C:\Users\Nico\AppData\Local\Pandoc\;C:\Users\Nico\AppData\Local\GitHubDesktop\bin;C:\Users\Nico\AppData\Local\Programs\Microsoft VS Code\bin;."/>
    <property name="java.vm.info" value="mixed mode, sharing"/>
    <property name="stderr.encoding" value="Cp1252"/>
    <property name="java.vendor" value="Oracle Corporation"/>
    <property name="java.vm.version" value="21.0.1+12-LTS-29"/>
    <property name="sun.io.unicode.encoding" value="UnicodeLittle"/>
    <property name="java.class.version" value="65.0"/>
  </properties>
</testsuite>